INFO:root:Start downloading videos using multithreading.
INFO:root:gloss: book, video: 69241.
INFO:root:gloss: book, video: 65225.
INFO:root:Requesting http://aslbricks.org/New/ASL-Videos/book.mp4
INFO:root:Requesting https://aslsignbank.haskins.yale.edu/dictionary/protected_media/glossvideo/ASL/BO/BOOK-418.mp4
ERROR:root:Unsuccessful downloading - video 65225
INFO:root:Finish downloading youtube video url https://www.youtube.com/watch?v=0UsjUE-TXns
INFO:root:gloss: book, video: 07085.
INFO:root:Requesting http://www.aslpro.com/main/b/book_english_grammar.swf
ERROR:root:Unsuccessful downloading - youtube video url https://www.youtube.com/watch?v=1QOYOZ3g-aY
INFO:root:gloss: book, video: 07086.
INFO:root:Requesting http://www.aslpro.com/main/b/book_geography.swf
INFO:root:Finish downloading youtube video url https://www.youtube.com/watch?v=hjS0dQDgbjo
INFO:root:gloss: book, video: 07087.
INFO:root:Requesting http://www.aslpro.com/main/b/book_geometry.swf
INFO:root:gloss: book, video: 07069.
INFO:root:Requesting https://signstock.blob.core.windows.net/signschool/videos/SignSchool%20Book.mp4
INFO:root:Finish downloading youtube video url https://www.youtube.com/watch?v=aGtIHKEdCds
INFO:root:gloss: book, video: 07088.
INFO:root:Requesting http://www.aslpro.com/main/b/book_history.swf
INFO:root:gloss: book, video: 07089.
INFO:root:Requesting http://www.aslpro.com/main/b/book_law.swf
INFO:root:Finish downloading youtube video url https://www.youtube.com/watch?v=WGfiiDgrq1I
INFO:root:gloss: book, video: 07090.
INFO:root:Requesting http://www.aslpro.com/main/b/book_literature.swf
ERROR:root:Unsuccessful downloading - video 07085
INFO:root:gloss: book, video: 07091.
INFO:root:Requesting http://www.aslpro.com/main/b/book_math.swf
ERROR:root:Unsuccessful downloading - video 07086
INFO:root:gloss: book, video: 07092.
INFO:root:Requesting http://www.aslpro.com/main/b/book_medicine.swf
ERROR:root:Unsuccessful downloading - video 07087
INFO:root:gloss: book, video: 07093.
INFO:root:Requesting http://www.aslpro.com/main/b/book_music.swf
ERROR:root:Unsuccessful downloading - video 07088
INFO:root:gloss: book, video: 07068.
INFO:root:Requesting https://s3-us-west-1.amazonaws.com/files.startasl.com/asldictionary/book.mp4
ERROR:root:Unsuccessful downloading - video 07089
INFO:root:gloss: book, video: 07094.
INFO:root:Requesting http://www.aslpro.com/main/b/book_photography.swf
INFO:root:gloss: book, video: 07095.
INFO:root:Requesting http://www.aslpro.com/main/b/book_science.swf
ERROR:root:Unsuccessful downloading - video 07090
INFO:root:gloss: book, video: 07096.
INFO:root:Requesting http://www.aslpro.com/main/b/book_spelling.swf
ERROR:root:Unsuccessful downloading - video 07091
INFO:root:gloss: book, video: 07097.
INFO:root:Requesting http://www.aslpro.com/main/b/book.swf
ERROR:root:Unsuccessful downloading - video 07092
INFO:root:gloss: book, video: 07070.
INFO:root:Requesting https://media.asldeafined.com/vocabulary/1466684225.687.mp4
INFO:root:gloss: book, video: 07098.
INFO:root:Requesting http://www.aslpro.com/main/b/book_trigonometry.swf
ERROR:root:Unsuccessful downloading - video 07093
INFO:root:gloss: book, video: 07099.
INFO:root:Requesting http://www.aslsearch.com/signs/videos/book.mp4
ERROR:root:Unsuccessful downloading - video 07094
INFO:root:gloss: book, video: 07071.
INFO:root:Requesting https://www.handspeak.com/word/b/book2.mp4
ERROR:root:Unsuccessful downloading - video 07071
INFO:root:gloss: book, video: 07072.
INFO:root:Requesting https://www.handspeak.com/word/b/book.mp4
ERROR:root:Unsuccessful downloading - video 07095
INFO:root:gloss: book, video: 07073.
INFO:root:Requesting https://www.handspeak.com/word/b/books-pile.mp4
ERROR:root:Unsuccessful downloading - video 07072
ERROR:root:Unsuccessful downloading - video 07096
INFO:root:gloss: book, video: 07074.
INFO:root:Requesting https://www.signingsavvy.com/signs/mp4/14/14326.mp4
ERROR:root:Unsuccessful downloading - video 07073
ERROR:root:Unsuccessful downloading - video 07074
ERROR:root:Unsuccessful downloading - youtube video url https://youtu.be/3-GrhsVs830
INFO:root:gloss: book, video: 07077.
INFO:root:Requesting http://www.aslpro.com/main/b/book_accounting.swf
INFO:root:Finish downloading youtube video url https://www.youtube.com/watch?v=Kwvw-K6GYW8
INFO:root:gloss: book, video: 07078.
INFO:root:Requesting http://www.aslpro.com/main/b/book_algebra.swf
INFO:root:Finish downloading youtube video url https://www.youtube.com/watch?v=XjWSfh50kAU
INFO:root:gloss: book, video: 07079.
INFO:root:Requesting http://www.aslpro.com/main/b/book_anatomy.swf
ERROR:root:Unsuccessful downloading - video 07098
INFO:root:gloss: book, video: 07080.
INFO:root:Requesting http://www.aslpro.com/main/b/book_art_history.swf
ERROR:root:Unsuccessful downloading - video 07097
INFO:root:gloss: book, video: 07081.
INFO:root:Requesting http://www.aslpro.com/main/b/book_art.swf
ERROR:root:Unsuccessful downloading - video 07077
INFO:root:gloss: book, video: 07082.
INFO:root:Requesting http://www.aslpro.com/main/b/book_business.swf
ERROR:root:Unsuccessful downloading - video 07078
INFO:root:gloss: book, video: 07083.
INFO:root:Requesting http://www.aslpro.com/main/b/book_chemistry.swf
ERROR:root:Unsuccessful downloading - video 07079
INFO:root:gloss: book, video: 07084.
INFO:root:Requesting http://www.aslpro.com/main/b/book_coloring.swf
ERROR:root:Unsuccessful downloading - video 07080
INFO:root:gloss: drink, video: 69302.
INFO:root:Requesting http://aslbricks.org/New/ASL-Videos/drink.mp4
INFO:root:gloss: drink, video: 65539.
INFO:root:Requesting https://aslsignbank.haskins.yale.edu/dictionary/protected_media/glossvideo/ASL/DR/DRINK-119.mp4
ERROR:root:Unsuccessful downloading - video 65539
INFO:root:Finish downloading youtube video url https://www.youtube.com/watch?v=F5Wef1_PtLk
ERROR:root:Unsuccessful downloading - youtube video url https://www.youtube.com/watch?v=HZMTQJdBZ9g
INFO:root:Finish downloading youtube video url https://www.youtube.com/watch?v=KRc_WYI1DgA
ERROR:root:Unsuccessful downloading - youtube video url https://www.youtube.com/watch?v=Lk2Vws8homw
INFO:root:Finish downloading youtube video url https://www.youtube.com/watch?v=Nc7rSopCpI8
INFO:root:Finish downloading youtube video url https://www.youtube.com/watch?v=537MWOtCl78
ERROR:root:Unsuccessful downloading - youtube video url https://www.youtube.com/watch?v=6gU3Ln98sWA
ERROR:root:Unsuccessful downloading - youtube video url https://www.youtube.com/watch?v=Ddd2ZZNFhVI
INFO:root:Finish downloading youtube video url https://www.youtube.com/watch?v=g3rl9_LYqzI
INFO:root:gloss: drink, video: 17710.
INFO:root:Requesting https://s3-us-west-1.amazonaws.com/files.startasl.com/asldictionary/drink.mp4
INFO:root:Finish downloading youtube video url https://www.youtube.com/watch?v=i0opsQ2zB1Q
INFO:root:Finish downloading youtube video url https://www.youtube.com/watch?v=k6cNmM9WgUs
INFO:root:Finish downloading youtube video url https://www.youtube.com/watch?v=LqJM7wcUixQ
INFO:root:gloss: drink, video: 17732.
INFO:root:Requesting http://www.aslpro.com/main/d/drink.swf
ERROR:root:Unsuccessful downloading - video 07081
INFO:root:gloss: drink, video: 17733.
INFO:root:Requesting http://www.aslsearch.com/signs/videos/drink-alcohol.mp4
ERROR:root:Unsuccessful downloading - video 07099
INFO:root:gloss: drink, video: 65540.
INFO:root:Requesting https://aslsignbank.haskins.yale.edu/dictionary/protected_media/glossvideo/ASL/DR/DRINK-120.mp4
ERROR:root:Unsuccessful downloading - video 65540
INFO:root:gloss: drink, video: 17734.
INFO:root:Requesting http://www.aslsearch.com/signs/videos/drink.mp4
ERROR:root:Unsuccessful downloading - video 07082
INFO:root:gloss: drink, video: 17711.
INFO:root:Requesting https://signstock.blob.core.windows.net/signschool/videos/db_uploads/SignSchool%20Drink%20(correct)-0UzEF7ru0sQ.mp4
ERROR:root:Unsuccessful downloading - video 07083
INFO:root:gloss: drink, video: 17712.
INFO:root:Requesting https://signstock.blob.core.windows.net/signschool/videos/db_uploads/SignSchool%20Drink-L6hHRIQzWBo.mp4
INFO:root:gloss: drink, video: 17713.
INFO:root:Requesting https://media.asldeafined.com/vocabulary/1467773819.9825.mp4
INFO:root:gloss: drink, video: 17714.
INFO:root:Requesting https://www.handspeak.com/word/d/drink2.mp4
ERROR:root:Unsuccessful downloading - video 17714
INFO:root:gloss: drink, video: 17715.
INFO:root:Requesting https://www.handspeak.com/word/d/drink-alcohol.mp4
ERROR:root:Unsuccessful downloading - video 07084
INFO:root:gloss: drink, video: 17716.
INFO:root:Requesting https://www.handspeak.com/word/d/drink-british.mp4
ERROR:root:Unsuccessful downloading - video 17716
INFO:root:gloss: drink, video: 17717.
ERROR:root:Unsuccessful downloading - video 17715
INFO:root:Requesting https://www.handspeak.com/word/d/drink.mp4
INFO:root:gloss: drink, video: 17718.
INFO:root:Requesting https://www.handspeak.com/word/d/drink-mug.mp4
ERROR:root:Unsuccessful downloading - video 17717
INFO:root:gloss: drink, video: 17709.
INFO:root:Requesting https://media.spreadthesign.com/video/mp4/13/153289.mp4
ERROR:root:Unsuccessful downloading - video 17718
ERROR:root:Unsuccessful downloading - youtube video url https://youtu.be/yawcLQIhQiE
INFO:root:gloss: drink, video: 17719.
INFO:root:Requesting https://www.handspeak.com/word/d/drink-plu.mp4
INFO:root:gloss: drink, video: 17720.
INFO:root:Requesting https://www.signingsavvy.com/signs/mp4/14/14885.mp4
ERROR:root:Unsuccessful downloading - video 17719
INFO:root:gloss: drink, video: 17721.
INFO:root:Requesting https://www.signingsavvy.com/signs/mp4/23/23388.mp4
INFO:root:gloss: drink, video: 17722.
INFO:root:Requesting https://www.signingsavvy.com/signs/mp4/23/23388.mp4
ERROR:root:Unsuccessful downloading - video 17720
INFO:root:gloss: drink, video: 17723.
INFO:root:Requesting https://www.signingsavvy.com/signs/mp4/23/23389.mp4
ERROR:root:Unsuccessful downloading - video 17721
INFO:root:gloss: drink, video: 17724.
INFO:root:Requesting https://www.signingsavvy.com/signs/mp4/7/7796.mp4
ERROR:root:Unsuccessful downloading - video 17722
ERROR:root:Unsuccessful downloading - video 17723
ERROR:root:Unsuccessful downloading - video 17724
INFO:root:Finish downloading youtube video url https://www.youtube.com/watch?v=PPmQd2zWdP0
INFO:root:gloss: computer, video: 12328.
INFO:root:Requesting https://www.signingsavvy.com/signs/mp4/6/6326.mp4
ERROR:root:Unsuccessful downloading - video 12328
INFO:root:Finish downloading youtube video url https://www.youtube.com/watch?v=H-tAzh-nuV8
ERROR:root:Unsuccessful downloading - youtube video url https://www.youtube.com/watch?v=YEFd7zsUNXU
INFO:root:gloss: computer, video: 12312.
INFO:root:Requesting https://s3-us-west-1.amazonaws.com/files.startasl.com/asldictionary/computer-2.mp4
INFO:root:Finish downloading youtube video url https://www.youtube.com/watch?v=97IwdVSOQho
INFO:root:Finish downloading youtube video url https://www.youtube.com/watch?v=cujhpwWi1yY
INFO:root:Finish downloading youtube video url https://www.youtube.com/watch?v=fY11M3Dxxx0
ERROR:root:Unsuccessful downloading - youtube video url https://www.youtube.com/watch?v=lVo6MByRMHY
INFO:root:Finish downloading youtube video url https://www.youtube.com/watch?v=-_RSZM-lLXE
INFO:root:gloss: computer, video: 12311.
INFO:root:Requesting https://media.spreadthesign.com/video/mp4/13/51378.mp4
INFO:root:Finish downloading youtube video url https://www.youtube.com/watch?v=vK4GwJaDcWU
INFO:root:gloss: computer, video: 12337.
INFO:root:Requesting http://www.aslpro.com/main/c/computer.swf
INFO:root:gloss: computer, video: 12338.
INFO:root:Requesting http://www.aslsearch.com/signs/videos/computer.mp4
ERROR:root:Unsuccessful downloading - youtube video url https://www.youtube.com/watch?v=-wmqgdmwySo
INFO:root:gloss: computer, video: 12313.
INFO:root:Requesting https://s3-us-west-1.amazonaws.com/files.startasl.com/asldictionary/computer.mp4
INFO:root:gloss: computer, video: 12314.
INFO:root:Requesting https://signstock.blob.core.windows.net/signschool/videos/db_uploads/Computer%203-ZIm7kG5ie_M.mp4
INFO:root:gloss: computer, video: 12315.
INFO:root:Requesting https://signstock.blob.core.windows.net/signschool/videos/db_uploads/Computer%205-wOn7bu44o4s.mp4
INFO:root:gloss: computer, video: 12316.
INFO:root:Requesting https://signstock.blob.core.windows.net/signschool/videos/db_uploads/SignSchool%20Computer%201-_2YnCKHJy6U.mp4
INFO:root:gloss: computer, video: 12317.
INFO:root:Requesting https://signstock.blob.core.windows.net/signschool/videos/db_uploads/SignSchool%20Computer%202-_HHzYqXw-xU.mp4
INFO:root:gloss: computer, video: 12318.
INFO:root:Requesting https://signstock.blob.core.windows.net/signschool/videos/db_uploads/SignSchool%20Computer%204-1f6Cc5NXBgw.mp4
INFO:root:gloss: computer, video: 12319.
INFO:root:Requesting https://signstock.blob.core.windows.net/signschool/videos/db_uploads/SignSchool%20Republic%20of%20Congo-b6U1CIWIPIw.mp4
INFO:root:gloss: computer, video: 12320.
INFO:root:Requesting https://media.asldeafined.com/vocabulary/1466901185.5915.mp4
ERROR:root:Unsuccessful downloading - video 17732
INFO:root:gloss: computer, video: 12321.
INFO:root:Requesting https://www.handspeak.com/word/c/computer-arm2.mp4
ERROR:root:Unsuccessful downloading - video 12321
INFO:root:gloss: computer, video: 12322.
INFO:root:Requesting https://www.handspeak.com/word/c/computer-arm.mp4
ERROR:root:Unsuccessful downloading - youtube video url https://youtu.be/u1xoXux2NaE
ERROR:root:Unsuccessful downloading - video 12322
INFO:root:gloss: computer, video: 12323.
INFO:root:Requesting https://www.handspeak.com/word/c/computer-head.mp4
INFO:root:gloss: computer, video: 12324.
INFO:root:Requesting https://www.handspeak.com/word/c/computer-old2.mp4
ERROR:root:Unsuccessful downloading - video 12323
INFO:root:gloss: computer, video: 12326.
INFO:root:Requesting https://www.signingsavvy.com/signs/mp4/6/6011.mp4
ERROR:root:Unsuccessful downloading - video 12324
ERROR:root:Unsuccessful downloading - video 12326
INFO:root:gloss: computer, video: 12327.
INFO:root:Requesting https://www.signingsavvy.com/signs/mp4/6/6012.mp4
ERROR:root:Unsuccessful downloading - video 12327
INFO:root:Finish downloading youtube video url https://www.youtube.com/watch?v=pDqITge_TGs
INFO:root:Finish downloading youtube video url https://www.youtube.com/watch?v=bq-HmgjGzmw
INFO:root:Finish downloading youtube video url https://www.youtube.com/watch?v=IYH-gBXXl8I
INFO:root:Finish downloading youtube video url https://www.youtube.com/watch?v=MvtVsr3P098
INFO:root:gloss: before, video: 05728.
INFO:root:Requesting https://signstock.blob.core.windows.net/signschool/videos/db_uploads/SignSchool%20Before%202-02xxXtC3G8c.mp4
INFO:root:Finish downloading youtube video url https://www.youtube.com/watch?v=PeO4kaKvoVM
INFO:root:Finish downloading youtube video url https://www.youtube.com/watch?v=TQMe2WDz9QE
INFO:root:gloss: before, video: 05748.
INFO:root:Requesting http://www.aslpro.com/main/b/before.swf
INFO:root:gloss: before, video: 05749.
INFO:root:Requesting http://www.aslsearch.com/signs/videos/before3.mp4
ERROR:root:Unsuccessful downloading - video 12337
INFO:root:gloss: before, video: 05750.
INFO:root:Requesting http://www.aslsearch.com/signs/videos/before.mp4
ERROR:root:Unsuccessful downloading - video 17733
INFO:root:gloss: before, video: 05729.
INFO:root:Requesting https://signstock.blob.core.windows.net/signschool/videos/db_uploads/SignSchool%20Before-kM8O_piLegw.mp4
INFO:root:gloss: before, video: 05730.
INFO:root:Requesting https://signstock.blob.core.windows.net/signschool/videos/db_uploads/SignSchool%20Before-Se78WI3j-mI.mp4
ERROR:root:Unsuccessful downloading - video 17734
INFO:root:gloss: before, video: 65167.
INFO:root:Requesting https://aslsignbank.haskins.yale.edu/dictionary/protected_media/glossvideo/ASL/BE/BEFORE-37.mp4
ERROR:root:Unsuccessful downloading - video 65167
INFO:root:gloss: before, video: 05731.
INFO:root:Requesting https://signstock.blob.core.windows.net/signschool/videos/db_uploads/SignSchool%20Last-0SLfkAHELAs.mp4
INFO:root:gloss: before, video: 05732.
INFO:root:Requesting https://media.asldeafined.com/vocabulary/1466681314.2550.mp4
INFO:root:gloss: before, video: 05733.
INFO:root:Requesting https://media.asldeafined.com/vocabulary/1466681379.1244.mp4
INFO:root:gloss: before, video: 05734.
INFO:root:Requesting https://media.asldeafined.com/vocabulary/1468755772.9751.mp4
INFO:root:gloss: before, video: 05735.
INFO:root:Requesting https://www.handspeak.com/word/b/before-long.mp4
INFO:root:gloss: before, video: 05736.
INFO:root:Requesting https://www.handspeak.com/word/b/before.mp4
ERROR:root:Unsuccessful downloading - video 05735
INFO:root:gloss: before, video: 05727.
INFO:root:Requesting https://s3-us-west-1.amazonaws.com/files.startasl.com/asldictionary/before.mp4
ERROR:root:Unsuccessful downloading - video 05736
INFO:root:gloss: before, video: 05737.
INFO:root:Requesting https://www.handspeak.com/word/b/before-past.mp4
ERROR:root:Unsuccessful downloading - video 05737
INFO:root:gloss: before, video: 05739.
INFO:root:Requesting https://www.signingsavvy.com/signs/mp4/22/22829.mp4
ERROR:root:Unsuccessful downloading - video 05739
INFO:root:gloss: before, video: 05740.
INFO:root:Requesting https://www.signingsavvy.com/signs/mp4/22/22831.mp4
INFO:root:gloss: before, video: 05741.
INFO:root:Requesting https://www.signingsavvy.com/signs/mp4/5/5971.mp4
ERROR:root:Unsuccessful downloading - video 05740
INFO:root:gloss: before, video: 05742.
INFO:root:Requesting https://www.signingsavvy.com/signs/mp4/6/6164.mp4
ERROR:root:Unsuccessful downloading - video 05741
INFO:root:gloss: before, video: 05743.
ERROR:root:Unsuccessful downloading - video 05742
INFO:root:Requesting https://www.signingsavvy.com/signs/mp4/9/9194.mp4
INFO:root:YouTube videos https://www.youtube.com/watch?v=PPmQd2zWdP0 already exists.
ERROR:root:Unsuccessful downloading - video 05743
INFO:root:Finish downloading youtube video url https://www.youtube.com/watch?v=4Nh1iFv2BMc
ERROR:root:Unsuccessful downloading - youtube video url https://www.youtube.com/watch?v=j2hvnGiBrRI
INFO:root:YouTube videos https://www.youtube.com/watch?v=WGfiiDgrq1I already exists.
INFO:root:gloss: chair, video: 09865.
INFO:root:Requesting http://www.aslpro.com//main/c/chair_stacking.swf
INFO:root:Finish downloading youtube video url https://www.youtube.com/watch?v=zICB0wesqvY
INFO:root:gloss: chair, video: 09866.
INFO:root:Requesting http://www.aslpro.com/main/c/chair.swf
ERROR:root:Unsuccessful downloading - video 05748
INFO:root:gloss: chair, video: 09848.
INFO:root:Requesting https://media.spreadthesign.com/video/mp4/13/74909.mp4
INFO:root:gloss: chair, video: 09867.
INFO:root:Requesting http://www.aslpro.com//main/c/chair_wood.swf
ERROR:root:Unsuccessful downloading - video 12338
INFO:root:gloss: chair, video: 09869.
INFO:root:Requesting http://www.aslsearch.com/signs/videos/chair.mp4
ERROR:root:Unsuccessful downloading - video 09865
INFO:root:gloss: chair, video: 09849.
INFO:root:Requesting https://s3-us-west-1.amazonaws.com/files.startasl.com/asldictionary/chair.mp4
ERROR:root:Unsuccessful downloading - video 09866
INFO:root:gloss: chair, video: 09850.
INFO:root:Requesting https://signstock.blob.core.windows.net/signschool/videos/db_uploads/SignSchool%20Chair-mVdtJjs-_20.mp4
INFO:root:gloss: chair, video: 09851.
INFO:root:Requesting https://media.asldeafined.com/vocabulary/1466729509.9229.mp4
INFO:root:gloss: chair, video: 65328.
INFO:root:Requesting https://aslsignbank.haskins.yale.edu/dictionary/protected_media/glossvideo/ASL/CH/CHAIR-378.mp4
ERROR:root:Unsuccessful downloading - video 65328
INFO:root:gloss: chair, video: 09853.
INFO:root:Requesting https://www.handspeak.com/word/c/chair.mp4
ERROR:root:Unsuccessful downloading - video 09853
INFO:root:gloss: chair, video: 09854.
INFO:root:Requesting https://www.signingsavvy.com/signs/mp4/7/7821.mp4
ERROR:root:Unsuccessful downloading - video 09854
ERROR:root:Unsuccessful downloading - video 09867
ERROR:root:Unsuccessful downloading - video 05749
INFO:root:gloss: chair, video: 09857.
INFO:root:Requesting http://www.aslpro.com//main/c/chair_director.swf
INFO:root:Finish downloading youtube video url https://www.youtube.com/watch?v=8vc2vD9N4tk
ERROR:root:Unsuccessful downloading - youtube video url https://www.youtube.com/watch?v=dXz1i9gTR4w
INFO:root:gloss: chair, video: 09858.
INFO:root:Requesting http://www.aslpro.com//main/c/chair_folding.swf
ERROR:root:Unsuccessful downloading - youtube video url https://youtu.be/K47c4lIJQvI
INFO:root:gloss: chair, video: 09859.
INFO:root:Requesting http://www.aslpro.com//main/c/chair_lawn_folding.swf
INFO:root:gloss: chair, video: 09860.
INFO:root:Requesting http://www.aslpro.com//main/c/chair_lawn.swf
ERROR:root:Unsuccessful downloading - video 05750
INFO:root:gloss: chair, video: 09861.
INFO:root:Requesting http://www.aslpro.com//main/c/chair_loveseat.swf
ERROR:root:Unsuccessful downloading - video 09857
INFO:root:gloss: chair, video: 09862.
INFO:root:Requesting http://www.aslpro.com//main/c/chair_recliner.swf
ERROR:root:Unsuccessful downloading - video 09858
INFO:root:gloss: chair, video: 09863.
INFO:root:Requesting http://www.aslpro.com//main/c/chair_rocking_1.swf
ERROR:root:Unsuccessful downloading - video 09859
ERROR:root:Unsuccessful downloading - video 09860
INFO:root:gloss: go, video: 69345.
INFO:root:Requesting http://aslbricks.org/New/ASL-Videos/go.mp4
INFO:root:Finish downloading youtube video url https://www.youtube.com/watch?v=YdHKN_wHZqo
ERROR:root:Unsuccessful downloading - youtube video url https://www.youtube.com/watch?v=7IkKMzvSsFM
INFO:root:gloss: go, video: 24955.
INFO:root:Requesting https://www.signingsavvy.com/signs/mp4/23/23400.mp4
ERROR:root:Unsuccessful downloading - video 24955
INFO:root:gloss: go, video: 24956.
INFO:root:Requesting https://www.signingsavvy.com/signs/mp4/23/23401.mp4
ERROR:root:Unsuccessful downloading - video 24956
INFO:root:gloss: go, video: 24941.
INFO:root:Requesting https://s3-us-west-1.amazonaws.com/files.startasl.com/asldictionary/go.mp4
INFO:root:gloss: go, video: 24960.
INFO:root:Requesting https://www.signingsavvy.com/signs/mp4/23/23517.mp4
ERROR:root:Unsuccessful downloading - video 24960
INFO:root:gloss: go, video: 24961.
INFO:root:Requesting https://www.signingsavvy.com/signs/mp4/23/23517.mp4
ERROR:root:Unsuccessful downloading - video 24961
INFO:root:gloss: go, video: 24962.
INFO:root:Requesting https://www.signingsavvy.com/signs/mp4/23/23519.mp4
ERROR:root:Unsuccessful downloading - video 24962
ERROR:root:Unsuccessful downloading - youtube video url https://www.youtube.com/watch?v=jknOnIhAbNo
ERROR:root:Unsuccessful downloading - video 09861
ERROR:root:Unsuccessful downloading - video 09869
INFO:root:Finish downloading youtube video url https://www.youtube.com/watch?v=ZEyH-t5ALCs
INFO:root:gloss: go, video: 24972.
INFO:root:Requesting http://www.aslpro.com/main/g/go.swf
INFO:root:Finish downloading youtube video url https://www.youtube.com/watch?v=ZEyH-t5ALCs
ERROR:root:Unsuccessful downloading - youtube video url https://www.youtube.com/watch?v=ZyL9f_qoGug
INFO:root:gloss: go, video: 65824.
INFO:root:Requesting https://aslsignbank.haskins.yale.edu/dictionary/protected_media/glossvideo/ASL/GO/GO-469.mp4
ERROR:root:Unsuccessful downloading - video 65824
INFO:root:gloss: go, video: 24973.
INFO:root:Requesting http://www.aslsearch.com/signs/videos/go.mp4
INFO:root:gloss: go, video: 24943.
INFO:root:Requesting https://signstock.blob.core.windows.net/signschool/videos/db_uploads/SignSchool%20go-c3j44FTrL9c.mp4
INFO:root:gloss: go, video: 24946.
INFO:root:Requesting https://signstock.blob.core.windows.net/signschool/videos/db_uploads/SignSchool%20To%20Go-BeOwDK5YI0U.mp4
INFO:root:gloss: go, video: 24947.
INFO:root:Requesting https://media.asldeafined.com/vocabulary/1468549286.5649.mp4
INFO:root:gloss: go, video: 24948.
INFO:root:Requesting https://www.handspeak.com/word/g/go.mp4
INFO:root:gloss: go, video: 24940.
INFO:root:Requesting https://media.spreadthesign.com/video/mp4/13/58507.mp4
ERROR:root:Unsuccessful downloading - video 24948
ERROR:root:Unsuccessful downloading - youtube video url https://youtu.be/QfVrSA3yrSc
INFO:root:gloss: go, video: 24950.
INFO:root:Requesting https://www.handspeak.com/word/g/go-to2.mp4
INFO:root:gloss: go, video: 24951.
INFO:root:Requesting https://www.handspeak.com/word/g/go-to.mp4
ERROR:root:Unsuccessful downloading - video 24950
INFO:root:gloss: go, video: 24952.
INFO:root:Requesting https://www.signingsavvy.com/signs/mp4/22/22235.mp4
ERROR:root:Unsuccessful downloading - video 24951
INFO:root:gloss: go, video: 24954.
INFO:root:Requesting https://www.signingsavvy.com/signs/mp4/23/23400.mp4
ERROR:root:Unsuccessful downloading - video 24952
INFO:root:YouTube videos https://www.youtube.com/watch?v=PPmQd2zWdP0 already exists.
ERROR:root:Unsuccessful downloading - video 24954
ERROR:root:Unsuccessful downloading - youtube video url https://www.youtube.com/watch?v=RVnoNW53qFU
INFO:root:gloss: clothes, video: 11327.
INFO:root:Requesting http://www.aslpro.com//main/c/clothes.swf
INFO:root:Finish downloading youtube video url https://www.youtube.com/watch?v=Xmrvvk8l3_w
INFO:root:gloss: clothes, video: 11328.
INFO:root:Requesting http://www.aslpro.com//main/c/clothes_winter.swf
ERROR:root:Unsuccessful downloading - video 09862
INFO:root:gloss: clothes, video: 11310.
INFO:root:Requesting https://s3-us-west-1.amazonaws.com/files.startasl.com/asldictionary/clothes.mp4
ERROR:root:Unsuccessful downloading - video 09863
INFO:root:gloss: clothes, video: 11329.
INFO:root:Requesting http://www.aslpro.com//main/c/clothes_womens.swf
INFO:root:gloss: clothes, video: 11330.
INFO:root:Requesting http://www.aslsearch.com/signs/videos/clothes.mp4
ERROR:root:Unsuccessful downloading - video 24972
INFO:root:gloss: clothes, video: 11311.
INFO:root:Requesting https://media.asldeafined.com/vocabulary/1466899298.7370.mp4
INFO:root:gloss: clothes, video: 11312.
INFO:root:Requesting https://www.handspeak.com/word/c/clothes.mp4
ERROR:root:Unsuccessful downloading - video 11312
INFO:root:gloss: clothes, video: 11313.
INFO:root:Requesting https://www.signingsavvy.com/signs/mp4/6/6566.mp4
ERROR:root:Unsuccessful downloading - video 11313
INFO:root:Finish downloading youtube video url https://www.youtube.com/watch?v=06hMAkUdQgg
INFO:root:Finish downloading youtube video url https://www.youtube.com/watch?v=15czV0-SagI
INFO:root:gloss: clothes, video: 11309.
INFO:root:Requesting https://media.spreadthesign.com/video/mp4/13/399310.mp4
ERROR:root:Unsuccessful downloading - video 11327
INFO:root:gloss: clothes, video: 11317.
INFO:root:Requesting http://www.aslpro.com//main/c/clothes_boys.swf
INFO:root:Finish downloading youtube video url https://www.youtube.com/watch?v=mda48XkT9gQ
ERROR:root:Unsuccessful downloading - video 11328
INFO:root:gloss: clothes, video: 11318.
INFO:root:Requesting http://www.aslpro.com//main/c/clothes_designer.swf
INFO:root:gloss: clothes, video: 11319.
INFO:root:Requesting http://www.aslpro.com//main/c/clothes_fall.swf
ERROR:root:Unsuccessful downloading - video 11317
INFO:root:gloss: clothes, video: 11320.
INFO:root:Requesting http://www.aslpro.com//main/c/clothes_girls.swf
ERROR:root:Unsuccessful downloading - video 11329
INFO:root:gloss: clothes, video: 11321.
INFO:root:Requesting http://www.aslpro.com//main/c/clothes_irregular.swf
ERROR:root:Unsuccessful downloading - video 24973
INFO:root:gloss: clothes, video: 11322.
INFO:root:Requesting http://www.aslpro.com//main/c/clothes_mens.swf
ERROR:root:Unsuccessful downloading - video 11318
INFO:root:gloss: clothes, video: 11323.
INFO:root:Requesting http://www.aslpro.com//main/c/clothes_petite.swf
ERROR:root:Unsuccessful downloading - video 11319
INFO:root:gloss: clothes, video: 11324.
INFO:root:Requesting http://www.aslpro.com//main/c/clothes_plus_size.swf
ERROR:root:Unsuccessful downloading - video 11320
INFO:root:gloss: clothes, video: 11325.
INFO:root:Requesting http://www.aslpro.com//main/c/clothes_spring.swf
ERROR:root:Unsuccessful downloading - video 11321
INFO:root:gloss: clothes, video: 11326.
INFO:root:Requesting http://www.aslpro.com//main/c/clothes_summer.swf
ERROR:root:Unsuccessful downloading - video 11330
INFO:root:Finish downloading youtube video url https://www.youtube.com/watch?v=A5dihMAjeTE
INFO:root:gloss: who, video: 69534.
INFO:root:Requesting http://aslbricks.org/New/ASL-Videos/who.mp4
ERROR:root:Unsuccessful downloading - youtube video url https://www.youtube.com/watch?v=SQUHKsHMUiw
INFO:root:Finish downloading youtube video url https://www.youtube.com/watch?v=Xx8ZjswBRLY
ERROR:root:Unsuccessful downloading - video 11322
INFO:root:Finish downloading youtube video url https://www.youtube.com/watch?v=pBnGrdxhxHQ
INFO:root:gloss: who, video: 63241.
INFO:root:Requesting http://www.aslpro.com/main/w/who.swf
INFO:root:Finish downloading youtube video url https://www.youtube.com/watch?v=_V31e361KV8
INFO:root:gloss: who, video: 63242.
INFO:root:Requesting http://www.aslsearch.com/signs/videos/who.mp4
ERROR:root:Unsuccessful downloading - video 11323
INFO:root:gloss: who, video: 63226.
INFO:root:Requesting https://s3-us-west-1.amazonaws.com/files.startasl.com/asldictionary/who.mp4
ERROR:root:Unsuccessful downloading - video 11324
INFO:root:gloss: who, video: 63227.
INFO:root:Requesting https://signstock.blob.core.windows.net/signschool/videos/db_uploads/SignSchool%20Who%202-P20hHY3qUEQ.mp4
INFO:root:gloss: who, video: 63228.
INFO:root:Requesting https://signstock.blob.core.windows.net/signschool/videos/db_uploads/SignSchool%20Who-rehp_kwiS-I.mp4
INFO:root:gloss: who, video: 63229.
INFO:root:Requesting https://signstock.blob.core.windows.net/signschool/videos/db_uploads/SignSchool%20Who-wmIY6Yo-vp8.mp4
INFO:root:gloss: who, video: 63230.
INFO:root:Requesting https://signstock.blob.core.windows.net/signschool/videos/db_uploads/SignSchool%20Who-xchfz0eTaP8.mp4
INFO:root:gloss: who, video: 63231.
INFO:root:Requesting https://media.asldeafined.com/vocabulary/1468928348.68.mp4
INFO:root:gloss: who, video: 66778.
INFO:root:Requesting https://aslsignbank.haskins.yale.edu/dictionary/protected_media/glossvideo/ASL/WH/WHO-1430.mp4
ERROR:root:Unsuccessful downloading - video 66778
INFO:root:gloss: who, video: 63232.
INFO:root:Requesting https://media.asldeafined.com/vocabulary/1539176590.1089.mp4
INFO:root:gloss: who, video: 63233.
INFO:root:Requesting https://www.handspeak.com/word/w/who.mp4
INFO:root:gloss: who, video: 63234.
INFO:root:Requesting https://www.handspeak.com/word/w/who-old.mp4
ERROR:root:Unsuccessful downloading - video 63233
INFO:root:gloss: who, video: 66779.
INFO:root:Requesting https://aslsignbank.haskins.yale.edu/dictionary/protected_media/glossvideo/ASL/WH/WHO-2236.mp4
ERROR:root:Unsuccessful downloading - video 11325
INFO:root:gloss: who, video: 66780.
INFO:root:Requesting https://aslsignbank.haskins.yale.edu/dictionary/protected_media/glossvideo/WH/WHO-2283.mp4
ERROR:root:Unsuccessful downloading - video 63234
INFO:root:gloss: who, video: 63225.
INFO:root:Requesting https://media.spreadthesign.com/video/mp4/13/51811.mp4
ERROR:root:Unsuccessful downloading - video 66779
ERROR:root:Unsuccessful downloading - video 66780
INFO:root:gloss: who, video: 63236.
INFO:root:Requesting https://www.signingsavvy.com/signs/mp4/9/9019.mp4
ERROR:root:Unsuccessful downloading - video 63236
INFO:root:gloss: who, video: 63237.
INFO:root:Requesting https://www.signingsavvy.com/signs/mp4/9/9020.mp4
ERROR:root:Unsuccessful downloading - youtube video url https://youtu.be/gDkZ2Zn3Sjg
ERROR:root:Unsuccessful downloading - video 63237
INFO:root:YouTube videos https://www.youtube.com/watch?v=PPmQd2zWdP0 already exists.
ERROR:root:Unsuccessful downloading - youtube video url https://www.youtube.com/watch?v=dnDu1DxXWo4
INFO:root:Finish downloading youtube video url https://www.youtube.com/watch?v=LMQ4kaHPS48
INFO:root:gloss: candy, video: 08928.
INFO:root:Requesting http://www.aslpro.com/main/c/candy.swf
INFO:root:Finish downloading youtube video url https://www.youtube.com/watch?v=pc0-gVEETVg
INFO:root:gloss: candy, video: 08929.
INFO:root:Requesting http://www.aslsearch.com/signs/videos/candy.mp4
ERROR:root:Unsuccessful downloading - youtube video url https://www.youtube.com/watch?v=PfobLrBH5G8
INFO:root:gloss: candy, video: 08916.
INFO:root:Requesting https://s3-us-west-1.amazonaws.com/files.startasl.com/asldictionary/candy.mp4
INFO:root:gloss: candy, video: 08917.
INFO:root:Requesting https://signstock.blob.core.windows.net/signschool/videos/db_uploads/SignSchool%20Candy%2C%20It%27s%20Nothing%202-dsVi-FR4eBg.mp4
INFO:root:gloss: candy, video: 08918.
INFO:root:Requesting https://signstock.blob.core.windows.net/signschool/videos/db_uploads/SignSchool%20Candy%2C%20It%27s%20Nothing-YX3NQ7iEwiE.mp4
INFO:root:gloss: candy, video: 08919.
INFO:root:Requesting https://signstock.blob.core.windows.net/signschool/videos/db_uploads/SignSchool%20Candy-v1iNoQ1DZ7c.mp4
INFO:root:gloss: candy, video: 08920.
INFO:root:Requesting https://signstock.blob.core.windows.net/signschool/videos/db_uploads/SignSchool%20Cute-Dl2ekdgVRTg.mp4
INFO:root:gloss: candy, video: 08921.
INFO:root:Requesting https://media.asldeafined.com/vocabulary/1471144833.8086.mp4
ERROR:root:Unsuccessful downloading - video 11326
INFO:root:gloss: candy, video: 08922.
INFO:root:Requesting https://www.handspeak.com/word/c/candy-sweet.mp4
ERROR:root:Unsuccessful downloading - video 08922
INFO:root:gloss: candy, video: 08923.
INFO:root:Requesting https://www.handspeak.com/word/c/candy-usa.mp4
ERROR:root:Unsuccessful downloading - video 08923
INFO:root:gloss: candy, video: 65298.
INFO:root:Requesting https://aslsignbank.haskins.yale.edu/dictionary/protected_media/glossvideo/ASL/CA/CANDY_1-66.mp4
INFO:root:gloss: candy, video: 08924.
INFO:root:Requesting https://www.signingsavvy.com/signs/mp4/6/6123.mp4
ERROR:root:Unsuccessful downloading - video 65298
INFO:root:gloss: candy, video: 65299.
INFO:root:Requesting https://aslsignbank.haskins.yale.edu/dictionary/protected_media/glossvideo/ASL/CA/CANDY_1-67.mp4
ERROR:root:Unsuccessful downloading - video 08924
INFO:root:gloss: candy, video: 65300.
INFO:root:Requesting https://aslsignbank.haskins.yale.edu/dictionary/protected_media/glossvideo/ASL/CA/CANDY_2-1014.mp4
ERROR:root:Unsuccessful downloading - video 65299
INFO:root:gloss: candy, video: 08915.
INFO:root:Requesting https://media.spreadthesign.com/video/mp4/13/51294.mp4
ERROR:root:Unsuccessful downloading - video 65300
ERROR:root:Unsuccessful downloading - youtube video url https://youtu.be/kymMYu5qPhY
ERROR:root:Unsuccessful downloading - youtube video url https://youtu.be/xK2QEO7Xld4
INFO:root:gloss: candy, video: 08925.
INFO:root:Requesting https://www.signingsavvy.com/signs/mp4/7/7906.mp4
ERROR:root:Unsuccessful downloading - video 08925
INFO:root:Finish downloading youtube video url https://www.youtube.com/watch?v=EfJ4xLiX5IA
INFO:root:gloss: cousin, video: 65415.
INFO:root:Requesting https://aslsignbank.haskins.yale.edu/dictionary/protected_media/glossvideo/ASL/CO/COUSIN-1171.mp4
ERROR:root:Unsuccessful downloading - video 65415
INFO:root:YouTube videos https://www.youtube.com/watch?v=bq-HmgjGzmw already exists.
INFO:root:Finish downloading youtube video url https://www.youtube.com/watch?v=nmD3uqyVAC0
ERROR:root:Unsuccessful downloading - youtube video url https://www.youtube.com/watch?v=jC6sHiZBEyI
INFO:root:gloss: cousin, video: 13647.
INFO:root:Requesting http://www.aslsearch.com/signs/videos/cousin3.mp4
INFO:root:gloss: cousin, video: 13648.
INFO:root:Requesting http://www.aslsearch.com/signs/videos/cousin.mp4
ERROR:root:Unsuccessful downloading - video 63241
INFO:root:gloss: cousin, video: 13631.
INFO:root:Requesting https://s3-us-west-1.amazonaws.com/files.startasl.com/asldictionary/cousin-female.mp4
INFO:root:gloss: cousin, video: 13632.
INFO:root:Requesting https://s3-us-west-1.amazonaws.com/files.startasl.com/asldictionary/cousin-male.mp4
INFO:root:gloss: cousin, video: 13633.
INFO:root:Requesting https://signstock.blob.core.windows.net/signschool/videos/db_uploads/SignSchool%20Cousin-WACMzmRGgY8.mp4
INFO:root:gloss: cousin, video: 13634.
INFO:root:Requesting https://media.asldeafined.com/vocabulary/1466904377.9296.mp4
INFO:root:gloss: cousin, video: 13635.
INFO:root:Requesting https://media.asldeafined.com/vocabulary/1466904400.1624.mp4
INFO:root:gloss: cousin, video: 13636.
INFO:root:Requesting https://media.asldeafined.com/vocabulary/1539177107.4884.mp4
INFO:root:gloss: cousin, video: 13637.
INFO:root:Requesting https://www.handspeak.com/word/c/cousin-female.mp4
ERROR:root:Unsuccessful downloading - video 13637
INFO:root:gloss: cousin, video: 13638.
INFO:root:Requesting https://www.handspeak.com/word/c/cousin-male.mp4
ERROR:root:Unsuccessful downloading - video 13638
INFO:root:gloss: cousin, video: 13630.
INFO:root:Requesting https://media.spreadthesign.com/video/mp4/13/47501.mp4
INFO:root:gloss: cousin, video: 13639.
INFO:root:Requesting https://www.handspeak.com/word/c/cousin.mp4
ERROR:root:Unsuccessful downloading - video 13639
ERROR:root:Unsuccessful downloading - youtube video url https://youtu.be/mBNbzPNTVqk
INFO:root:gloss: cousin, video: 13640.
INFO:root:Requesting https://www.signingsavvy.com/signs/mp4/6/6148.mp4
ERROR:root:Unsuccessful downloading - video 13640
INFO:root:gloss: cousin, video: 13641.
INFO:root:Requesting https://www.signingsavvy.com/signs/mp4/6/6150.mp4
ERROR:root:Unsuccessful downloading - video 13641
INFO:root:gloss: cousin, video: 13642.
INFO:root:Requesting https://www.signingsavvy.com/signs/mp4/6/6568.mp4
ERROR:root:Unsuccessful downloading - video 13642
INFO:root:Finish downloading youtube video url https://www.youtube.com/watch?v=e9-jd3sf6us
INFO:root:gloss: cousin, video: 13644.
INFO:root:Requesting http://www.aslpro.com/main/c/cousin_female.swf
ERROR:root:Unsuccessful downloading - video 08928
INFO:root:gloss: cousin, video: 13645.
INFO:root:Requesting http://www.aslpro.com/main/c/cousin_male.swf
ERROR:root:Unsuccessful downloading - video 63242
INFO:root:gloss: cousin, video: 13646.
INFO:root:Requesting http://www.aslsearch.com/signs/videos/cousin2.mp4
ERROR:root:Unsuccessful downloading - video 13644
ERROR:root:Unsuccessful downloading - video 13645
INFO:root:Finish downloading youtube video url https://www.youtube.com/watch?v=ChIupJBcxjs
ERROR:root:Unsuccessful downloading - video 08929
INFO:root:Finish downloading youtube video url https://www.youtube.com/watch?v=25ymRY7hbjs
ERROR:root:Unsuccessful downloading - youtube video url https://www.youtube.com/watch?v=J9hiREjgVe0
INFO:root:Finish downloading youtube video url https://www.youtube.com/watch?v=Qvn5RGyb0po
INFO:root:gloss: deaf, video: 14882.
INFO:root:Requesting https://s3-us-west-1.amazonaws.com/files.startasl.com/asldictionary/deaf.mp4
INFO:root:Finish downloading youtube video url https://www.youtube.com/watch?v=sP4e9vRUCYM
ERROR:root:Unsuccessful downloading - youtube video url https://www.youtube.com/watch?v=YsLUNOu9jXU
INFO:root:gloss: deaf, video: 14901.
INFO:root:Requesting http://www.aslpro.com/main/d/deaf_1.swf
INFO:root:gloss: deaf, video: 14903.
INFO:root:Requesting http://www.aslsearch.com/signs/videos/deaf.mp4
INFO:root:gloss: deaf, video: 14883.
INFO:root:Requesting https://signstock.blob.core.windows.net/signschool/videos/db_uploads/SignSchool%20Deaf%202-1tMYCoZB0lE.mp4
INFO:root:gloss: deaf, video: 14884.
INFO:root:Requesting https://signstock.blob.core.windows.net/signschool/videos/db_uploads/SignSchool%20Deaf%202-VoHLEG8FIH4.mp4
INFO:root:gloss: deaf, video: 14885.
INFO:root:Requesting https://signstock.blob.core.windows.net/signschool/videos/db_uploads/SignSchool%20Deaf-bHRhz2geOTA.mp4
INFO:root:gloss: deaf, video: 14886.
INFO:root:Requesting https://signstock.blob.core.windows.net/signschool/videos/SignSchool%20Deaf.mp4
INFO:root:gloss: deaf, video: 65445.
INFO:root:Requesting https://aslsignbank.haskins.yale.edu/dictionary/protected_media/glossvideo/ASL/DE/DEAF-103.mp4
ERROR:root:Unsuccessful downloading - video 65445
INFO:root:gloss: deaf, video: 14887.
INFO:root:Requesting https://media.asldeafined.com/vocabulary/1466906743.302.mp4
INFO:root:gloss: deaf, video: 14888.
INFO:root:Requesting https://media.asldeafined.com/vocabulary/1522766619.2346.mp4
INFO:root:gloss: deaf, video: 14889.
INFO:root:Requesting https://www.handspeak.com/word/d/deaf2.mp4
ERROR:root:Unsuccessful downloading - video 14889
INFO:root:gloss: deaf, video: 14891.
INFO:root:Requesting https://www.handspeak.com/word/d/deaf.mp4
ERROR:root:Unsuccessful downloading - video 14891
INFO:root:gloss: deaf, video: 14893.
INFO:root:Requesting https://www.signingsavvy.com/signs/mp4/23/23016.mp4
ERROR:root:Unsuccessful downloading - video 14893
INFO:root:gloss: deaf, video: 14894.
INFO:root:Requesting https://www.signingsavvy.com/signs/mp4/23/23017.mp4
ERROR:root:Unsuccessful downloading - video 14894
ERROR:root:Unsuccessful downloading - youtube video url https://www.youtube.com/watch?v=5Dr7V1fbTFU
INFO:root:Finish downloading youtube video url https://www.youtube.com/watch?v=IgT0jDp56ZM
ERROR:root:Unsuccessful downloading - video 13647
INFO:root:gloss: fine, video: 65717.
INFO:root:Requesting https://aslsignbank.haskins.yale.edu/dictionary/protected_media/glossvideo/ASL/FI/FINE-455.mp4
ERROR:root:Unsuccessful downloading - video 65717
INFO:root:YouTube videos https://www.youtube.com/watch?v=4Nh1iFv2BMc already exists.
ERROR:root:Unsuccessful downloading - video 13648
INFO:root:Finish downloading youtube video url https://www.youtube.com/watch?v=ofL3HMkLDOc
INFO:root:Finish downloading youtube video url https://www.youtube.com/watch?v=Yey5VEZE-_g
INFO:root:Finish downloading youtube video url https://www.youtube.com/watch?v=IuBUE7SH1Wk
INFO:root:gloss: fine, video: 21888.
INFO:root:Requesting http://www.aslpro.com/main/f/fine.swf
INFO:root:Finish downloading youtube video url https://www.youtube.com/watch?v=OHHKerxHJjQ
INFO:root:gloss: fine, video: 21870.
INFO:root:Requesting https://s3-us-west-1.amazonaws.com/files.startasl.com/asldictionary/fine2.mp4
INFO:root:Finish downloading youtube video url https://www.youtube.com/watch?v=YSTnrscx1UY
INFO:root:gloss: fine, video: 21889.
INFO:root:Requesting http://www.aslpro.com//main/f/fine_ticket.swf
INFO:root:gloss: fine, video: 21890.
INFO:root:Requesting http://www.aslsearch.com/signs/videos/cost.mp4
ERROR:root:Unsuccessful downloading - video 14901
INFO:root:gloss: fine, video: 21891.
INFO:root:Requesting http://www.aslsearch.com/signs/videos/fine.mp4
ERROR:root:Unsuccessful downloading - video 21888
INFO:root:gloss: fine, video: 21871.
INFO:root:Requesting https://s3-us-west-1.amazonaws.com/files.startasl.com/asldictionary/fine.mp4
INFO:root:gloss: fine, video: 21872.
INFO:root:Requesting https://signstock.blob.core.windows.net/signschool/videos/db_uploads/SignSchool%20fine5-4SzwErJNYTc.mp4
ERROR:root:Unsuccessful downloading - video 21889
INFO:root:gloss: fine, video: 21869.
INFO:root:Requesting https://media.spreadthesign.com/video/mp4/13/92669.mp4
ERROR:root:Unsuccessful downloading - video 13646
INFO:root:gloss: fine, video: 21874.
INFO:root:Requesting https://media.asldeafined.com/vocabulary/1468494312.7752.mp4
INFO:root:gloss: fine, video: 21875.
INFO:root:Requesting https://www.handspeak.com/word/f/fine-charge.mp4
INFO:root:gloss: fine, video: 21876.
INFO:root:Requesting https://www.handspeak.com/word/f/fine-good2.mp4
ERROR:root:Unsuccessful downloading - video 21875
INFO:root:gloss: fine, video: 21878.
INFO:root:Requesting https://www.signingsavvy.com/signs/mp4/14/14347.mp4
ERROR:root:Unsuccessful downloading - video 21876
ERROR:root:Unsuccessful downloading - video 21878
INFO:root:gloss: fine, video: 21883.
INFO:root:Requesting https://www.signingsavvy.com/signs/mp4/6/6355.mp4
ERROR:root:Unsuccessful downloading - video 21883
ERROR:root:Unsuccessful downloading - youtube video url https://youtu.be/2RLybfKx4Js
ERROR:root:Unsuccessful downloading - youtube video url https://youtu.be/lTp1ICCGCxA
INFO:root:gloss: help, video: 69364.
INFO:root:Requesting http://aslbricks.org/New/ASL-Videos/help.mp4
INFO:root:Finish downloading youtube video url https://www.youtube.com/watch?v=atyYSgDudAU
INFO:root:Finish downloading youtube video url https://www.youtube.com/watch?v=SiBub8VD5wo
ERROR:root:Unsuccessful downloading - youtube video url https://www.youtube.com/watch?v=RStYX5OXPjE
INFO:root:gloss: help, video: 27220.
INFO:root:Requesting http://www.aslpro.com/main/h/help.swf
INFO:root:gloss: help, video: 27221.
INFO:root:Requesting http://www.aslsearch.com/signs/videos/help.mp4
INFO:root:gloss: help, video: 27206.
INFO:root:Requesting https://s3-us-west-1.amazonaws.com/files.startasl.com/asldictionary/help.mp4
INFO:root:gloss: help, video: 27207.
INFO:root:Requesting https://signstock.blob.core.windows.net/signschool/videos/db_uploads/SignSchool%20Stamp%2C%20Help-2bSAr25HPXY.mp4
INFO:root:gloss: help, video: 27208.
INFO:root:Requesting https://media.asldeafined.com/vocabulary/1468580671.3652.mp4
INFO:root:gloss: help, video: 27209.
INFO:root:Requesting https://media.asldeafined.com/vocabulary/1471136062.8464.mp4
INFO:root:gloss: help, video: 27210.
INFO:root:Requesting https://www.handspeak.com/word/h/help2.mp4
ERROR:root:Unsuccessful downloading - video 27210
INFO:root:gloss: help, video: 27211.
INFO:root:Requesting https://www.handspeak.com/word/h/help-me.mp4
ERROR:root:Unsuccessful downloading - video 27211
INFO:root:gloss: help, video: 27212.
INFO:root:Requesting https://www.handspeak.com/word/h/help.mp4
ERROR:root:Unsuccessful downloading - video 27212
INFO:root:gloss: help, video: 65890.
INFO:root:Requesting https://aslsignbank.haskins.yale.edu/dictionary/protected_media/glossvideo/ASL/HE/HELP-2562.mp4
ERROR:root:Unsuccessful downloading - video 65890
INFO:root:gloss: help, video: 27213.
INFO:root:Requesting https://www.signingsavvy.com/signs/mp4/23/23431.mp4
ERROR:root:Unsuccessful downloading - video 27213
INFO:root:gloss: help, video: 27214.
INFO:root:Requesting https://www.signingsavvy.com/signs/mp4/5/5871.mp4
ERROR:root:Unsuccessful downloading - video 27214
INFO:root:gloss: help, video: 65891.
INFO:root:Requesting https://aslsignbank.haskins.yale.edu/dictionary/protected_media/glossvideo/ASL/HE/HELP-2563.mp4
ERROR:root:Unsuccessful downloading - video 65891
INFO:root:gloss: help, video: 65889.
INFO:root:Requesting https://aslsignbank.haskins.yale.edu/dictionary/protected_media/glossvideo/ASL/HE/HELP-483.mp4
ERROR:root:Unsuccessful downloading - video 65889
ERROR:root:Unsuccessful downloading - youtube video url https://youtu.be/OWXmFhatan8
INFO:root:gloss: help, video: 27215.
INFO:root:Requesting https://www.signingsavvy.com/signs/mp4/6/6389.mp4
ERROR:root:Unsuccessful downloading - video 27215
INFO:root:gloss: help, video: 27216.
INFO:root:Requesting https://www.signingsavvy.com/signs/mp4/9/9918.mp4
ERROR:root:Unsuccessful downloading - video 27216
INFO:root:gloss: help, video: 27217.
INFO:root:Requesting https://www.signingsavvy.com/signs/mp4/9/9936.mp4
ERROR:root:Unsuccessful downloading - video 27217
ERROR:root:Unsuccessful downloading - youtube video url https://www.youtube.com/watch?v=l31UXgChCS4
ERROR:root:Unsuccessful downloading - video 14903
INFO:root:gloss: no, video: 69411.
INFO:root:Requesting http://aslbricks.org/New/ASL-Videos/no.mp4
INFO:root:Finish downloading youtube video url https://www.youtube.com/watch?v=1_jXxjd0lKE
INFO:root:Finish downloading youtube video url https://www.youtube.com/watch?v=BqmquW0f1ok
ERROR:root:Unsuccessful downloading - youtube video url https://www.youtube.com/watch?v=Dd95RFhtSs4
INFO:root:Finish downloading youtube video url https://www.youtube.com/watch?v=nyUDOPmQlZQ
INFO:root:Finish downloading youtube video url https://www.youtube.com/watch?v=pkzfT9cYvH0
INFO:root:gloss: no, video: 38542.
INFO:root:Requesting http://www.aslpro.com/main/n/no.swf
INFO:root:Finish downloading youtube video url https://www.youtube.com/watch?v=QJXKaOSyl4o
INFO:root:gloss: no, video: 38525.
INFO:root:Requesting https://s3-us-west-1.amazonaws.com/files.startasl.com/asldictionary/no.mp4
INFO:root:gloss: no, video: 38544.
INFO:root:Requesting http://www.aslsearch.com/signs/videos/no.mp4
ERROR:root:Unsuccessful downloading - video 21890
INFO:root:gloss: no, video: 38527.
INFO:root:Requesting https://signstock.blob.core.windows.net/signschool/videos/db_uploads/SignSchool%20No-hwa_U71nr74.mp4
INFO:root:gloss: no, video: 38529.
INFO:root:Requesting https://media.asldeafined.com/vocabulary/1468719269.5533.mp4
INFO:root:gloss: no, video: 38530.
INFO:root:Requesting https://media.asldeafined.com/vocabulary/1522767129.7038.mp4
INFO:root:gloss: no, video: 38531.
INFO:root:Requesting https://www.handspeak.com/word/n/no.mp4
ERROR:root:Unsuccessful downloading - video 38531
INFO:root:gloss: no, video: 38532.
INFO:root:Requesting https://www.signingsavvy.com/signs/mp4/23/23547.mp4
ERROR:root:Unsuccessful downloading - video 38532
INFO:root:gloss: no, video: 38533.
INFO:root:Requesting https://www.signingsavvy.com/signs/mp4/23/23949.mp4
ERROR:root:Unsuccessful downloading - video 38533
INFO:root:gloss: no, video: 66183.
INFO:root:Requesting https://aslsignbank.haskins.yale.edu/dictionary/protected_media/glossvideo/ASL/NO/NO-512.mp4
ERROR:root:Unsuccessful downloading - video 66183
INFO:root:gloss: no, video: 38524.
INFO:root:Requesting https://media.spreadthesign.com/video/mp4/13/48823.mp4
ERROR:root:Unsuccessful downloading - video 27220
INFO:root:gloss: no, video: 38534.
INFO:root:Requesting https://www.signingsavvy.com/signs/mp4/6/6400.mp4
ERROR:root:Unsuccessful downloading - video 38534
ERROR:root:Unsuccessful downloading - youtube video url https://youtu.be/jGsh6zd3eUQ
ERROR:root:Unsuccessful downloading - youtube video url https://www.youtube.com/watch?v=lgNwgl10VSg
INFO:root:Finish downloading youtube video url https://www.youtube.com/watch?v=mskmnqYYsGw
INFO:root:gloss: thin, video: 57948.
INFO:root:Requesting https://www.signingsavvy.com/signs/mp4/22/22387.mp4
ERROR:root:Unsuccessful downloading - video 57948
INFO:root:gloss: thin, video: 57949.
INFO:root:Requesting https://www.signingsavvy.com/signs/mp4/22/22387.mp4
ERROR:root:Unsuccessful downloading - video 57949
INFO:root:Finish downloading youtube video url https://www.youtube.com/watch?v=x6CehcknaH8
INFO:root:gloss: thin, video: 57952.
INFO:root:Requesting http://www.aslpro.com/main/t/thin.swf
INFO:root:Finish downloading youtube video url https://www.youtube.com/watch?v=5IGeT5NK79A
INFO:root:gloss: thin, video: 57934.
INFO:root:Requesting https://s3-us-west-1.amazonaws.com/files.startasl.com/asldictionary/thin-2.mp4
INFO:root:gloss: thin, video: 57953.
INFO:root:Requesting http://www.aslsearch.com/signs/videos/skinny.mp4
ERROR:root:Unsuccessful downloading - video 21891
INFO:root:gloss: thin, video: 57935.
INFO:root:Requesting https://s3-us-west-1.amazonaws.com/files.startasl.com/asldictionary/thin.mp4
INFO:root:gloss: thin, video: 57936.
INFO:root:Requesting https://signstock.blob.core.windows.net/signschool/videos/db_uploads/SignSchool%20Thin%202-aLghoMT6IhA.mp4
INFO:root:gloss: thin, video: 57937.
INFO:root:Requesting https://signstock.blob.core.windows.net/signschool/videos/db_uploads/SignSchool%20Thin%202-cXEknONHNEc.mp4
INFO:root:gloss: thin, video: 66606.
INFO:root:Requesting https://aslsignbank.haskins.yale.edu/dictionary/protected_media/glossvideo/ASL/TH/THIN-2192.mp4
ERROR:root:Unsuccessful downloading - video 66606
INFO:root:gloss: thin, video: 57939.
INFO:root:Requesting https://signstock.blob.core.windows.net/signschool/videos/db_uploads/SignSchool%20Thin-5G1gWM4HnBI.mp4
INFO:root:gloss: thin, video: 57940.
INFO:root:Requesting https://signstock.blob.core.windows.net/signschool/videos/db_uploads/SignSchool%20Thin-85Xp1i_NN-E.mp4
ERROR:root:Unsuccessful downloading - video 38542
INFO:root:gloss: thin, video: 57941.
INFO:root:Requesting https://signstock.blob.core.windows.net/signschool/videos/db_uploads/SignSchool%20Thin-fTYMARYgieE.mp4
INFO:root:gloss: thin, video: 57942.
INFO:root:Requesting https://media.asldeafined.com/vocabulary/1468944700.6887.mp4
INFO:root:gloss: thin, video: 66607.
INFO:root:Requesting https://aslsignbank.haskins.yale.edu/dictionary/protected_media/glossvideo/ASL/TH/THIN-2465.mp4
ERROR:root:Unsuccessful downloading - video 66607
INFO:root:gloss: thin, video: 57933.
INFO:root:Requesting https://media.spreadthesign.com/video/mp4/13/50888.mp4
INFO:root:gloss: thin, video: 57943.
INFO:root:Requesting https://media.asldeafined.com/vocabulary/1546575308.9841.mp4
ERROR:root:Unsuccessful downloading - youtube video url https://youtu.be/LCJYxgYwsVE
INFO:root:gloss: thin, video: 57944.
INFO:root:Requesting https://www.handspeak.com/word/t/thin2.mp4
INFO:root:gloss: thin, video: 57945.
INFO:root:Requesting https://www.handspeak.com/word/t/thin.mp4
ERROR:root:Unsuccessful downloading - video 57944
INFO:root:gloss: thin, video: 57947.
INFO:root:Requesting https://www.signingsavvy.com/signs/mp4/22/22386.mp4
ERROR:root:Unsuccessful downloading - video 57945
INFO:root:YouTube videos https://www.youtube.com/watch?v=A5dihMAjeTE already exists.
ERROR:root:Unsuccessful downloading - video 57947
ERROR:root:Unsuccessful downloading - youtube video url https://www.youtube.com/watch?v=r9Rten33zC8
ERROR:root:Unsuccessful downloading - youtube video url https://www.youtube.com/watch?v=tRJ29Rh8pGg
INFO:root:Finish downloading youtube video url https://www.youtube.com/watch?v=XdA0TlfPB48
INFO:root:gloss: walk, video: 62174.
INFO:root:Requesting http://www.aslpro.com/main/w/walk.swf
INFO:root:Finish downloading youtube video url https://www.youtube.com/watch?v=xFxoieTtJlA
INFO:root:gloss: walk, video: 62175.
INFO:root:Requesting http://www.aslsearch.com/signs/videos/walk.mp4
ERROR:root:Unsuccessful downloading - video 27221
INFO:root:gloss: walk, video: 62159.
INFO:root:Requesting https://s3-us-west-1.amazonaws.com/files.startasl.com/asldictionary/walk.mp4
INFO:root:gloss: walk, video: 62160.
INFO:root:Requesting https://signstock.blob.core.windows.net/signschool/videos/db_uploads/SignSchool%20Walk%202-lSM2XoWrTUY.mp4
INFO:root:gloss: walk, video: 62163.
INFO:root:Requesting https://signstock.blob.core.windows.net/signschool/videos/db_uploads/SignSchool%20Walk-MyDb3_nPts4.mp4
ERROR:root:Unsuccessful downloading - video 57952
INFO:root:gloss: walk, video: 62164.
INFO:root:Requesting https://media.asldeafined.com/vocabulary/1468926910.5698.mp4
INFO:root:gloss: walk, video: 62165.
INFO:root:Requesting https://www.handspeak.com/word/w/walk2.mp4
ERROR:root:Unsuccessful downloading - video 62165
INFO:root:gloss: walk, video: 66743.
INFO:root:Requesting https://aslsignbank.haskins.yale.edu/dictionary/protected_media/glossvideo/ASL/WA/WALK-1407.mp4
INFO:root:gloss: walk, video: 62166.
INFO:root:Requesting https://www.handspeak.com/word/w/walk.mp4
ERROR:root:Unsuccessful downloading - video 66743
INFO:root:gloss: walk, video: 66742.
INFO:root:Requesting https://aslsignbank.haskins.yale.edu/dictionary/protected_media/glossvideo/ASL/WA/WALK-314.mp4
ERROR:root:Unsuccessful downloading - video 66742
INFO:root:gloss: walk, video: 62158.
INFO:root:Requesting https://media.spreadthesign.com/video/mp4/13/50935.mp4
ERROR:root:Unsuccessful downloading - video 62166
ERROR:root:Unsuccessful downloading - youtube video url https://youtu.be/hhgODkjRmcg
INFO:root:gloss: walk, video: 62168.
INFO:root:Requesting https://www.signingsavvy.com/signs/mp4/23/23053.mp4
INFO:root:gloss: walk, video: 62169.
INFO:root:Requesting https://www.signingsavvy.com/signs/mp4/23/23054.mp4
ERROR:root:Unsuccessful downloading - video 62168
ERROR:root:Unsuccessful downloading - video 62169
INFO:root:gloss: walk, video: 62170.
INFO:root:Requesting https://www.signingsavvy.com/signs/mp4/9/9209.mp4
ERROR:root:Unsuccessful downloading - video 62170
INFO:root:Finish downloading youtube video url https://www.youtube.com/watch?v=5iv2XtBzogU
ERROR:root:Unsuccessful downloading - youtube video url https://www.youtube.com/watch?v=U32Kznk2a70
INFO:root:gloss: year, video: 64211.
INFO:root:Requesting https://signstock.blob.core.windows.net/signschool/videos/db_uploads/SignSchool%20Year-8JUNM67_g9g.mp4
INFO:root:Finish downloading youtube video url https://www.youtube.com/watch?v=BRO-oYGV224
ERROR:root:Unsuccessful downloading - youtube video url https://www.youtube.com/watch?v=DnDbjT1fq8I
INFO:root:YouTube videos https://www.youtube.com/watch?v=pc0-gVEETVg already exists.
INFO:root:Finish downloading youtube video url https://www.youtube.com/watch?v=dsuL3WA2Krw
ERROR:root:Unsuccessful downloading - youtube video url https://www.youtube.com/watch?v=w9jgHLG_4ow
INFO:root:gloss: year, video: 64223.
INFO:root:Requesting http://www.aslpro.com/main/y/year.swf
INFO:root:gloss: year, video: 64224.
INFO:root:Requesting http://www.aslsearch.com/signs/videos/year.mp4
ERROR:root:Unsuccessful downloading - video 38544
INFO:root:gloss: year, video: 64210.
INFO:root:Requesting https://s3-us-west-1.amazonaws.com/files.startasl.com/asldictionary/year.mp4
INFO:root:gloss: year, video: 64212.
INFO:root:Requesting https://signstock.blob.core.windows.net/signschool/videos/db_uploads/SignSchool%20Year-VAtU8WanjmE.mp4
INFO:root:gloss: year, video: 66818.
INFO:root:Requesting https://aslsignbank.haskins.yale.edu/dictionary/protected_media/glossvideo/ASL/YE/YEAR-1469.mp4
ERROR:root:Unsuccessful downloading - video 66818
INFO:root:gloss: year, video: 64213.
INFO:root:Requesting https://media.asldeafined.com/vocabulary/1468774917.4615.mp4
ERROR:root:Unsuccessful downloading - video 62174
INFO:root:gloss: year, video: 66816.
INFO:root:Requesting https://aslsignbank.haskins.yale.edu/dictionary/protected_media/glossvideo/ASL/YE/YEAR-656.mp4
INFO:root:gloss: year, video: 64209.
INFO:root:Requesting https://media.spreadthesign.com/video/mp4/13/51103.mp4
ERROR:root:Unsuccessful downloading - video 66816
INFO:root:gloss: year, video: 64215.
INFO:root:Requesting https://www.handspeak.com/word/y/year-inf.mp4
ERROR:root:Unsuccessful downloading - video 64215
INFO:root:gloss: year, video: 64216.
INFO:root:Requesting https://www.handspeak.com/word/y/year.mp4
ERROR:root:Unsuccessful downloading - video 64216
INFO:root:gloss: year, video: 64217.
INFO:root:Requesting https://www.handspeak.com/word/y/years.mp4
ERROR:root:Unsuccessful downloading - video 64217
INFO:root:gloss: year, video: 64219.
INFO:root:Requesting https://www.signingsavvy.com/signs/mp4/7/7723.mp4
ERROR:root:Unsuccessful downloading - youtube video url https://youtu.be/21Naa_OgS4A
ERROR:root:Unsuccessful downloading - video 64219
INFO:root:gloss: year, video: 64218.
INFO:root:Requesting https://www.signingsavvy.com/signs/mp4/7/7228.mp4
ERROR:root:Unsuccessful downloading - video 64218
INFO:root:Finish downloading youtube video url https://www.youtube.com/watch?v=jw_R6ttIrgg
INFO:root:YouTube videos https://www.youtube.com/watch?v=BRO-oYGV224 already exists.
INFO:root:gloss: yes, video: 69546.
INFO:root:Requesting http://aslbricks.org/New/ASL-Videos/yes.mp4
ERROR:root:Unsuccessful downloading - youtube video url https://www.youtube.com/watch?v=zTIJAgTai40
INFO:root:gloss: yes, video: 64287.
INFO:root:Requesting https://media.asldeafined.com/vocabulary/1468774983.6377.mp4
INFO:root:gloss: yes, video: 64290.
INFO:root:Requesting https://www.handspeak.com/word/y/yes.mp4
ERROR:root:Unsuccessful downloading - video 64290
INFO:root:gloss: yes, video: 64284.
INFO:root:Requesting https://signstock.blob.core.windows.net/signschool/videos/db_uploads/SignSchool%20Yes-Kg0VRsnehgQ.mp4
INFO:root:Finish downloading youtube video url https://www.youtube.com/watch?v=-on_5PoBEak
INFO:root:gloss: yes, video: 64291.
INFO:root:Requesting https://www.signingsavvy.com/signs/mp4/23/23544.mp4
INFO:root:gloss: yes, video: 64292.
INFO:root:Requesting https://www.signingsavvy.com/signs/mp4/23/23545.mp4
ERROR:root:Unsuccessful downloading - video 64291
INFO:root:gloss: yes, video: 64293.
INFO:root:Requesting https://www.signingsavvy.com/signs/mp4/23/23546.mp4
ERROR:root:Unsuccessful downloading - video 64292
ERROR:root:Unsuccessful downloading - video 64293
INFO:root:Finish downloading youtube video url https://www.youtube.com/watch?v=0usayvOXzHo
INFO:root:Finish downloading youtube video url https://www.youtube.com/watch?v=3J2KaRL9i_Q
INFO:root:gloss: yes, video: 66820.
INFO:root:Requesting https://aslsignbank.haskins.yale.edu/dictionary/protected_media/glossvideo/ASL/YE/YES-1472.mp4
ERROR:root:Unsuccessful downloading - video 66820
INFO:root:Finish downloading youtube video url https://www.youtube.com/watch?v=gpNDuOwyW7Q
INFO:root:gloss: yes, video: 64280.
INFO:root:Requesting https://media.spreadthesign.com/video/mp4/13/485639.mp4
INFO:root:Finish downloading youtube video url https://www.youtube.com/watch?v=JLNxO35tB-U
INFO:root:gloss: yes, video: 64299.
INFO:root:Requesting http://www.aslpro.com/main/y/yes.swf
ERROR:root:Unsuccessful downloading - youtube video url https://www.youtube.com/watch?v=wc2A8AZepy4
ERROR:root:Unsuccessful downloading - video 57953
INFO:root:gloss: yes, video: 64300.
INFO:root:Requesting http://www.aslsearch.com/signs/videos/yes.mp4
INFO:root:gloss: yes, video: 64281.
INFO:root:Requesting https://s3-us-west-1.amazonaws.com/files.startasl.com/asldictionary/yes.mp4
INFO:root:gloss: yes, video: 64288.
INFO:root:Requesting https://media.asldeafined.com/vocabulary/1522767427.6654.mp4
INFO:root:gloss: yes, video: 64289.
INFO:root:Requesting https://www.handspeak.com/word/y/yes-fs.mp4
ERROR:root:Unsuccessful downloading - video 64289
INFO:root:gloss: yes, video: 64283.
INFO:root:Requesting https://signstock.blob.core.windows.net/signschool/videos/db_uploads/SignSchool%20Yes-IIWhF2S6saQ.mp4
INFO:root:Finish downloading youtube video url https://www.youtube.com/watch?v=jPn0FQxkdBc
INFO:root:gloss: all, video: 69206.
INFO:root:Requesting http://aslbricks.org/New/ASL-Videos/all.mp4
ERROR:root:Unsuccessful downloading - video 64223
INFO:root:Finish downloading youtube video url https://www.youtube.com/watch?v=Gmj2_uVjhqI
ERROR:root:Unsuccessful downloading - youtube video url https://www.youtube.com/watch?v=My4w56H6qwk
INFO:root:gloss: all, video: 02002.
INFO:root:Requesting http://www.aslpro.com/main/a/all.swf
INFO:root:gloss: all, video: 02003.
INFO:root:Requesting http://www.aslsearch.com/signs/videos/all.mp4
ERROR:root:Unsuccessful downloading - video 62175
INFO:root:gloss: all, video: 01987.
INFO:root:Requesting https://s3-us-west-1.amazonaws.com/files.startasl.com/asldictionary/all.mp4
INFO:root:gloss: all, video: 01988.
INFO:root:Requesting https://media.asldeafined.com/vocabulary/1466172884.2656.mp4
INFO:root:gloss: all, video: 01989.
INFO:root:Requesting https://www.handspeak.com/word/a/all.mp4
ERROR:root:Unsuccessful downloading - video 01989
INFO:root:gloss: all, video: 01990.
INFO:root:Requesting https://www.handspeak.com/word/a/all-you.mp4
ERROR:root:Unsuccessful downloading - video 01990
INFO:root:gloss: all, video: 01991.
INFO:root:Requesting https://www.signingsavvy.com/signs/mp4/22/22936.mp4
ERROR:root:Unsuccessful downloading - video 01991
INFO:root:gloss: all, video: 01992.
INFO:root:Requesting https://www.signingsavvy.com/signs/mp4/22/22937.mp4
ERROR:root:Unsuccessful downloading - video 01992
INFO:root:gloss: all, video: 65043.
INFO:root:Requesting https://aslsignbank.haskins.yale.edu/dictionary/protected_media/glossvideo/ASL/AL/ALL-11.mp4
ERROR:root:Unsuccessful downloading - video 65043
INFO:root:Finish downloading youtube video url https://www.youtube.com/watch?v=0DgYClc0e-E
INFO:root:gloss: all, video: 01986.
INFO:root:Requesting https://media.spreadthesign.com/video/mp4/13/244016.mp4
ERROR:root:Unsuccessful downloading - youtube video url https://youtu.be/-lxp0xh1smo
INFO:root:Finish downloading youtube video url https://www.youtube.com/watch?v=BEfH2a6OfRA
INFO:root:Finish downloading youtube video url https://www.youtube.com/watch?v=fE1BI5KxKJM
ERROR:root:Unsuccessful downloading - youtube video url https://www.youtube.com/watch?v=iERRGfH_giQ
ERROR:root:Unsuccessful downloading - youtube video url https://www.youtube.com/watch?v=k3c4uVHBFR4
INFO:root:Finish downloading youtube video url https://www.youtube.com/watch?v=n1PjPqcHswk
INFO:root:YouTube videos https://www.youtube.com/watch?v=pDqITge_TGs already exists.
INFO:root:gloss: black, video: 69236.
INFO:root:Requesting http://aslbricks.org/New/ASL-Videos/black.mp4
ERROR:root:Unsuccessful downloading - video 64299
ERROR:root:Unsuccessful downloading - youtube video url https://www.youtube.com/watch?v=2YRASxmXLD0
INFO:root:Finish downloading youtube video url https://www.youtube.com/watch?v=WprUBqi3iBc
INFO:root:gloss: black, video: 06472.
INFO:root:Requesting https://s3-us-west-1.amazonaws.com/files.startasl.com/asldictionary/black.mp4
INFO:root:gloss: black, video: 06473.
INFO:root:Requesting https://signstock.blob.core.windows.net/signschool/videos/db_uploads/SignSchool%20Black-Mr3gdFh3A28.mp4
INFO:root:gloss: black, video: 06474.
INFO:root:Requesting https://media.asldeafined.com/vocabulary/1466682549.1836.mp4
INFO:root:gloss: black, video: 06475.
INFO:root:Requesting https://www.handspeak.com/word/b/black.mp4
ERROR:root:Unsuccessful downloading - video 06475
INFO:root:gloss: black, video: 06476.
INFO:root:Requesting https://www.signingsavvy.com/signs/mp4/6/6787.mp4
INFO:root:gloss: black, video: 06477.
INFO:root:Requesting https://www.signingsavvy.com/signs/mp4/7/7145.mp4
ERROR:root:Unsuccessful downloading - video 06476
INFO:root:gloss: black, video: 06478.
INFO:root:Requesting https://www.signingsavvy.com/signs/mp4/8/8384.mp4
ERROR:root:Unsuccessful downloading - video 06477
ERROR:root:Unsuccessful downloading - video 06478
INFO:root:gloss: black, video: 65200.
INFO:root:Requesting https://aslsignbank.haskins.yale.edu/dictionary/protected_media/glossvideo/ASL/BL/BLACK-415.mp4
ERROR:root:Unsuccessful downloading - video 65200
INFO:root:gloss: black, video: 06471.
INFO:root:Requesting https://media.spreadthesign.com/video/mp4/13/357947.mp4
INFO:root:Finish downloading youtube video url https://www.youtube.com/watch?v=DQdDGulGFwc
ERROR:root:Unsuccessful downloading - youtube video url https://youtu.be/kCT-we5dguI
ERROR:root:Unsuccessful downloading - video 64224
INFO:root:Finish downloading youtube video url https://www.youtube.com/watch?v=HoDXS3W8lEM
INFO:root:Finish downloading youtube video url https://www.youtube.com/watch?v=Huy9y5RyKAU
INFO:root:gloss: black, video: 06485.
INFO:root:Requesting http://www.aslpro.com/main/b/black.swf
ERROR:root:Unsuccessful downloading - video 02002
INFO:root:gloss: black, video: 06486.
INFO:root:Requesting http://www.aslsearch.com/signs/videos/black.mp4
INFO:root:Finish downloading youtube video url https://www.youtube.com/watch?v=O5_4x8p5t4U
ERROR:root:Unsuccessful downloading - youtube video url https://www.youtube.com/watch?v=TLoZKdMeA8w
INFO:root:gloss: cool, video: 69281.
INFO:root:Requesting http://aslbricks.org/New/ASL-Videos/cool.mp4
INFO:root:gloss: cool, video: 65403.
INFO:root:Requesting https://aslsignbank.haskins.yale.edu/dictionary/protected_media/glossvideo/ASL/CO/COOL-1158.mp4
ERROR:root:Unsuccessful downloading - video 65403
INFO:root:YouTube videos https://www.youtube.com/watch?v=WGfiiDgrq1I already exists.
INFO:root:gloss: cool, video: 13213.
INFO:root:Requesting https://www.signingsavvy.com/signs/mp4/24/24134.mp4
ERROR:root:Unsuccessful downloading - video 13213
INFO:root:Finish downloading youtube video url https://www.youtube.com/watch?v=pH3DDpGQe_E
INFO:root:gloss: cool, video: 13197.
INFO:root:Requesting https://signstock.blob.core.windows.net/signschool/videos/db_uploads/SignSchool%20Cool%203-2zFEI2o-HXc.mp4
INFO:root:gloss: cool, video: 13216.
INFO:root:Requesting http://www.aslsearch.com/signs/videos/cool2.mp4
INFO:root:gloss: cool, video: 13217.
INFO:root:Requesting http://www.aslsearch.com/signs/videos/cool.mp4
ERROR:root:Unsuccessful downloading - video 64300
INFO:root:gloss: cool, video: 13198.
INFO:root:Requesting https://signstock.blob.core.windows.net/signschool/videos/db_uploads/SignSchool%20Cool%20cool-wonohTR_Bv4.mp4
INFO:root:gloss: cool, video: 13199.
INFO:root:Requesting https://signstock.blob.core.windows.net/signschool/videos/db_uploads/SignSchool%20Cool%2C%20Cool%20Down-8l_h3RsEM-4.mp4
INFO:root:gloss: cool, video: 13200.
INFO:root:Requesting https://signstock.blob.core.windows.net/signschool/videos/db_uploads/SignSchool%20Cool-5aJkQai-PKc.mp4
INFO:root:gloss: cool, video: 13201.
INFO:root:Requesting https://media.asldeafined.com/vocabulary/1466903138.2211.mp4
INFO:root:gloss: cool, video: 65402.
INFO:root:Requesting https://aslsignbank.haskins.yale.edu/dictionary/protected_media/glossvideo/ASL/CO/COOL-575.mp4
ERROR:root:Unsuccessful downloading - video 65402
INFO:root:gloss: cool, video: 13202.
INFO:root:Requesting https://media.asldeafined.com/vocabulary/1466903216.3416.mp4
INFO:root:gloss: cool, video: 13203.
INFO:root:Requesting https://media.asldeafined.com/vocabulary/1472219365.8123.mp4
INFO:root:gloss: cool, video: 13205.
INFO:root:Requesting https://www.handspeak.com/word/c/cool-neat2.mp4
ERROR:root:Unsuccessful downloading - video 13205
INFO:root:gloss: cool, video: 13196.
INFO:root:Requesting https://signstock.blob.core.windows.net/signschool/videos/db_uploads/SignSchool%20Cool%202-qCqdPZVJTYY.mp4
ERROR:root:Unsuccessful downloading - video 06485
INFO:root:gloss: cool, video: 13206.
INFO:root:Requesting https://www.handspeak.com/word/c/cool-neat.mp4
ERROR:root:Unsuccessful downloading - video 13206
INFO:root:gloss: cool, video: 13207.
INFO:root:Requesting https://www.handspeak.com/word/c/cool-weather.mp4
ERROR:root:Unsuccessful downloading - video 13207
INFO:root:gloss: cool, video: 13208.
INFO:root:Requesting https://www.signingsavvy.com/signs/mp4/22/22660.mp4
ERROR:root:Unsuccessful downloading - video 13208
INFO:root:gloss: cool, video: 13209.
INFO:root:Requesting https://www.signingsavvy.com/signs/mp4/23/23043.mp4
ERROR:root:Unsuccessful downloading - video 13209
INFO:root:YouTube videos https://www.youtube.com/watch?v=bq-HmgjGzmw already exists.
INFO:root:Finish downloading youtube video url https://www.youtube.com/watch?v=lWaQxL25Aew
INFO:root:Finish downloading youtube video url https://www.youtube.com/watch?v=JDc62QM6-GU
ERROR:root:Unsuccessful downloading - youtube video url https://www.youtube.com/watch?v=luSKhV7GMUo
ERROR:root:Unsuccessful downloading - youtube video url https://www.youtube.com/watch?v=Mh3UZ1UsXzw
INFO:root:gloss: finish, video: 21942.
INFO:root:Requesting https://s3-us-west-1.amazonaws.com/files.startasl.com/asldictionary/finish.mp4
INFO:root:gloss: finish, video: 21943.
INFO:root:Requesting https://signstock.blob.core.windows.net/signschool/videos/db_uploads/SignSchool%20Finish%202-BNOu92X_Hws.mp4
ERROR:root:Unsuccessful downloading - video 02003
INFO:root:gloss: finish, video: 21944.
INFO:root:Requesting https://signstock.blob.core.windows.net/signschool/videos/db_uploads/SignSchool%20Finish%2C%20That%27s%20Enough-UODQssr2FSc.mp4
INFO:root:gloss: finish, video: 21945.
INFO:root:Requesting https://media.asldeafined.com/vocabulary/1468494387.7315.mp4
INFO:root:gloss: finish, video: 21946.
INFO:root:Requesting https://www.handspeak.com/word/f/finish2.mp4
ERROR:root:Unsuccessful downloading - video 21946
INFO:root:gloss: finish, video: 21949.
INFO:root:Requesting https://www.signingsavvy.com/signs/mp4/23/23269.mp4
INFO:root:gloss: finish, video: 21950.
INFO:root:Requesting https://www.signingsavvy.com/signs/mp4/7/7267.mp4
INFO:root:gloss: finish, video: 65721.
INFO:root:Requesting https://aslsignbank.haskins.yale.edu/dictionary/protected_media/glossvideo/ASL/FI/FINISH-456.mp4
ERROR:root:Unsuccessful downloading - video 21950
INFO:root:gloss: finish, video: 21941.
INFO:root:Requesting https://media.spreadthesign.com/video/mp4/13/455668.mp4
ERROR:root:Unsuccessful downloading - video 21949
ERROR:root:Unsuccessful downloading - video 65721
INFO:root:gloss: finish, video: 21951.
INFO:root:Requesting https://www.signingsavvy.com/signs/mp4/8/8336.mp4
ERROR:root:Unsuccessful downloading - video 21951
ERROR:root:Unsuccessful downloading - youtube video url https://youtu.be/_1MKB3Avehs
INFO:root:Finish downloading youtube video url https://www.youtube.com/watch?v=7xQE2N0z7gM
INFO:root:Finish downloading youtube video url https://www.youtube.com/watch?v=v3ncKPr_8ro
INFO:root:gloss: finish, video: 21956.
INFO:root:Requesting http://www.aslpro.com/main/f/finish.swf
INFO:root:Finish downloading youtube video url https://www.youtube.com/watch?v=WujjGy4syeI
INFO:root:YouTube videos https://www.youtube.com/watch?v=SiBub8VD5wo already exists.
INFO:root:gloss: hot, video: 69368.
INFO:root:Requesting http://aslbricks.org/New/ASL-Videos/hot.mp4
INFO:root:Finish downloading youtube video url https://www.youtube.com/watch?v=WujjGy4syeI
INFO:root:YouTube videos https://www.youtube.com/watch?v=WGfiiDgrq1I already exists.
INFO:root:gloss: hot, video: 28125.
INFO:root:Requesting http://www.aslsearch.com/signs/videos/heat2.mp4
INFO:root:gloss: hot, video: 28108.
INFO:root:Requesting https://s3-us-west-1.amazonaws.com/files.startasl.com/asldictionary/hot.mp4
INFO:root:gloss: hot, video: 28109.
INFO:root:Requesting https://signstock.blob.core.windows.net/signschool/videos/db_uploads/SignSchool%20Hot-9X3bjjuKGMM.mp4
INFO:root:gloss: hot, video: 28110.
INFO:root:Requesting https://signstock.blob.core.windows.net/signschool/videos/db_uploads/SignSchool%20Hot-QCvXMjNN4PE.mp4
INFO:root:gloss: hot, video: 28111.
INFO:root:Requesting https://signstock.blob.core.windows.net/signschool/videos/db_uploads/SignSchool%20Hot-wy-09ieHXhM.mp4
INFO:root:gloss: hot, video: 28112.
INFO:root:Requesting https://media.asldeafined.com/vocabulary/1468638601.9688.mp4
INFO:root:gloss: hot, video: 28113.
INFO:root:Requesting https://www.handspeak.com/word/h/hot2.mp4
ERROR:root:Unsuccessful downloading - video 28113
INFO:root:gloss: hot, video: 28114.
INFO:root:Requesting https://www.handspeak.com/word/h/hot.mp4
ERROR:root:Unsuccessful downloading - video 28114
INFO:root:gloss: hot, video: 28115.
INFO:root:Requesting https://www.signingsavvy.com/signs/mp4/14/14232.mp4
ERROR:root:Unsuccessful downloading - video 28115
INFO:root:gloss: hot, video: 28116.
INFO:root:Requesting https://www.signingsavvy.com/signs/mp4/6/6109.mp4
ERROR:root:Unsuccessful downloading - video 28116
INFO:root:gloss: hot, video: 28107.
INFO:root:Requesting https://media.spreadthesign.com/video/mp4/13/58462.mp4
INFO:root:Finish downloading youtube video url https://www.youtube.com/watch?v=a0robonALIk
INFO:root:Finish downloading youtube video url https://www.youtube.com/watch?v=Eya_OdUAevw
INFO:root:YouTube videos https://www.youtube.com/watch?v=Eya_OdUAevw already exists.
INFO:root:Finish downloading youtube video url https://www.youtube.com/watch?v=F84dU7A7jI0
INFO:root:Finish downloading youtube video url https://www.youtube.com/watch?v=IqCHIu9NrZs
ERROR:root:Unsuccessful downloading - video 06486
INFO:root:gloss: hot, video: 28124.
INFO:root:Requesting http://www.aslpro.com/main/h/hot.swf
ERROR:root:Unsuccessful downloading - youtube video url https://www.youtube.com/watch?v=Ob3drndU_yM
INFO:root:gloss: like, video: 69389.
INFO:root:Requesting http://aslbricks.org/New/ASL-Videos/like.mp4
ERROR:root:Unsuccessful downloading - video 13216
INFO:root:gloss: like, video: 33266.
INFO:root:Requesting https://media.spreadthesign.com/video/mp4/13/457551.mp4
ERROR:root:Unsuccessful downloading - video 13217
INFO:root:Finish downloading youtube video url https://www.youtube.com/watch?v=0qeMFifNqC4
INFO:root:gloss: like, video: 33285.
INFO:root:Requesting http://www.aslsearch.com/signs/videos/like4.mp4
INFO:root:gloss: like, video: 33267.
INFO:root:Requesting https://s3-us-west-1.amazonaws.com/files.startasl.com/asldictionary/like.mp4
INFO:root:Finish downloading youtube video url https://www.youtube.com/watch?v=CSj7IScvZnE
INFO:root:gloss: like, video: 33286.
INFO:root:Requesting http://www.aslsearch.com/signs/videos/like.mp4
INFO:root:gloss: like, video: 33268.
INFO:root:Requesting https://signstock.blob.core.windows.net/signschool/videos/db_uploads/SignSchool%20really%20like-7y5Ye-2-ZBs.mp4
INFO:root:gloss: like, video: 33269.
INFO:root:Requesting https://media.asldeafined.com/vocabulary/1468711783.5361.mp4
ERROR:root:Unsuccessful downloading - video 21956
INFO:root:gloss: like, video: 33270.
INFO:root:Requesting https://media.asldeafined.com/vocabulary/1468711809.2438.mp4
INFO:root:gloss: like, video: 33271.
INFO:root:Requesting https://www.handspeak.com/word/l/like.mp4
ERROR:root:Unsuccessful downloading - video 33271
INFO:root:gloss: like, video: 33273.
INFO:root:Requesting https://www.signingsavvy.com/signs/mp4/14/14298.mp4
INFO:root:gloss: like, video: 33274.
INFO:root:Requesting https://www.signingsavvy.com/signs/mp4/6/6394.mp4
ERROR:root:Unsuccessful downloading - video 33273
ERROR:root:Unsuccessful downloading - video 33274
INFO:root:Finish downloading youtube video url https://www.youtube.com/watch?v=qK3SqANZheA
INFO:root:Finish downloading youtube video url https://www.youtube.com/watch?v=SbXfT74yfDI
INFO:root:Finish downloading youtube video url https://www.youtube.com/watch?v=vh7DN3usJgc
INFO:root:Finish downloading youtube video url https://www.youtube.com/watch?v=vh7DN3usJgc
INFO:root:Finish downloading youtube video url https://www.youtube.com/watch?v=vzUKt2pjkRI
INFO:root:Finish downloading youtube video url https://www.youtube.com/watch?v=vzUKt2pjkRI
ERROR:root:Unsuccessful downloading - youtube video url https://www.youtube.com/watch?v=xKY35YaWuLE
INFO:root:gloss: like, video: 33284.
INFO:root:Requesting http://www.aslpro.com/main/l/like.swf
INFO:root:Finish downloading youtube video url https://www.youtube.com/watch?v=IxO7unGawfk
INFO:root:gloss: many, video: 69396.
INFO:root:Requesting http://aslbricks.org/New/ASL-Videos/many.mp4
INFO:root:YouTube videos https://www.youtube.com/watch?v=pc0-gVEETVg already exists.
INFO:root:gloss: many, video: 34823.
INFO:root:Requesting https://media.spreadthesign.com/video/mp4/13/246018.mp4
INFO:root:gloss: many, video: 34824.
INFO:root:Requesting https://s3-us-west-1.amazonaws.com/files.startasl.com/asldictionary/many.mp4
INFO:root:gloss: many, video: 34825.
INFO:root:Requesting https://signstock.blob.core.windows.net/signschool/videos/db_uploads/SignSchool%20Many%202-j0vvJVAAcBs.mp4
INFO:root:gloss: many, video: 34826.
INFO:root:Requesting https://signstock.blob.core.windows.net/signschool/videos/db_uploads/SignSchool%20Many-RzCIBY5rsGA.mp4
INFO:root:gloss: many, video: 34827.
INFO:root:Requesting https://media.asldeafined.com/vocabulary/1468713681.2568.mp4
INFO:root:gloss: many, video: 34828.
INFO:root:Requesting https://www.handspeak.com/word/m/many2.mp4
ERROR:root:Unsuccessful downloading - video 34828
INFO:root:gloss: many, video: 34829.
INFO:root:Requesting https://www.handspeak.com/word/m/many.mp4
ERROR:root:Unsuccessful downloading - video 34829
INFO:root:gloss: many, video: 34830.
INFO:root:Requesting https://www.signingsavvy.com/signs/mp4/6/6570.mp4
ERROR:root:Unsuccessful downloading - video 28124
INFO:root:gloss: many, video: 34831.
INFO:root:Requesting https://www.signingsavvy.com/signs/mp4/8/8040.mp4
ERROR:root:Unsuccessful downloading - video 34830
ERROR:root:Unsuccessful downloading - video 34831
INFO:root:gloss: many, video: 34832.
INFO:root:Requesting https://www.signingsavvy.com/signs/mp4/8/8041.mp4
ERROR:root:Unsuccessful downloading - video 34832
ERROR:root:Unsuccessful downloading - youtube video url https://youtu.be/eTmzHLtBOnU
ERROR:root:Unsuccessful downloading - youtube video url https://www.youtube.com/watch?v=3B2kbN-ai6Y
INFO:root:Finish downloading youtube video url https://www.youtube.com/watch?v=7O2mS0Kz4CA
INFO:root:Finish downloading youtube video url https://www.youtube.com/watch?v=KBk8p5Xv2ow
INFO:root:Finish downloading youtube video url https://www.youtube.com/watch?v=Ku9SWR4uSUI
INFO:root:gloss: many, video: 34838.
INFO:root:Requesting http://www.aslpro.com/main/m/many.swf
ERROR:root:Unsuccessful downloading - youtube video url https://www.youtube.com/watch?v=MHJPgvs2kP8
INFO:root:gloss: many, video: 34839.
INFO:root:Requesting http://www.aslsearch.com/signs/videos/many.mp4
ERROR:root:Unsuccessful downloading - video 28125
INFO:root:YouTube videos https://www.youtube.com/watch?v=IxO7unGawfk already exists.
INFO:root:gloss: mother, video: 69402.
INFO:root:Requesting http://aslbricks.org/New/ASL-Videos/mother.mp4
INFO:root:gloss: mother, video: 36945.
INFO:root:Requesting http://www.aslpro.com/main/m/mother.swf
ERROR:root:Unsuccessful downloading - video 33284
INFO:root:gloss: mother, video: 36946.
INFO:root:Requesting http://www.aslsearch.com/signs/videos/mama.mp4
